#
# There is insufficient memory for the Java Runtime Environment to continue.
# Native memory allocation (mmap) failed to map 60817408 bytes for G1 virtual space
# Possible reasons:
#   The system is out of physical RAM or swap space
#   The process is running with CompressedOops enabled, and the Java Heap may be blocking the growth of the native heap
# Possible solutions:
#   Reduce memory load on the system
#   Increase physical memory or swap space
#   Check if swap backing store is full
#   Decrease Java heap size (-Xmx/-Xms)
#   Decrease number of Java threads
#   Decrease Java thread stack sizes (-Xss)
#   Set larger code cache with -XX:ReservedCodeCacheSize=
#   JVM is running with Unscaled Compressed Oops mode in which the Java heap is
#     placed in the first 4GB address space. The Java Heap base address is the
#     maximum limit for the native heap growth. Please use -XX:HeapBaseMinAddress
#     to set the Java Heap base and to place the Java Heap above 4GB virtual address.
# This output file may be truncated or incomplete.
#
#  Out of Memory Error (./open/src/hotspot/os/windows/os_windows.cpp:3321), pid=12396, tid=6792
#
# JRE version:  (15.0.2+7) (build )
# Java VM: Java HotSpot(TM) 64-Bit Server VM (15.0.2+7-27, mixed mode, sharing, tiered, compressed oops, g1 gc, windows-amd64)
# No core dump will be written. Minidumps are not enabled by default on client versions of Windows
#

---------------  S U M M A R Y ------------

Command Line: -Dfile.encoding=UTF-8 --module-path=C:\Users\USUARIOWIN\Documents\NetBeansProjects\Actividad2AlexRios66668\build\classes actividad2alexrios66668.Actividad2AlexRios66668

Host: AMD E1-1500 APU with Radeon(tm) HD Graphics, 2 cores, 3G,  Windows 10 , 64 bit Build 18362 (10.0.18362.1500)
Time: Fri Apr 23 15:34:29 2021 Hora de verano central (México) elapsed time: 0.299487 seconds (0d 0h 0m 0s)

---------------  T H R E A D  ---------------

Current thread (0x000001c8c8d2fca0):  JavaThread "Unknown thread" [_thread_in_vm, id=6792, stack(0x00000043bb400000,0x00000043bb500000)]

Stack: [0x00000043bb400000,0x00000043bb500000]
Native frames: (J=compiled Java code, j=interpreted, Vv=VM code, C=native code)
V  [jvm.dll+0x62ae9a]
V  [jvm.dll+0x7817a9]
V  [jvm.dll+0x782f03]
V  [jvm.dll+0x783563]
V  [jvm.dll+0x216325]
V  [jvm.dll+0x6281d9]
V  [jvm.dll+0x61cf55]
V  [jvm.dll+0x2cffdd]
V  [jvm.dll+0x2cfe42]
V  [jvm.dll+0x2d5e1c]
V  [jvm.dll+0x32590a]
V  [jvm.dll+0x324fd4]
V  [jvm.dll+0x2a6f5a]
V  [jvm.dll+0x2a80f8]
V  [jvm.dll+0x75e241]
V  [jvm.dll+0x3341c4]
V  [jvm.dll+0x73e926]
V  [jvm.dll+0x3b7557]
V  [jvm.dll+0x3b8fe1]
C  [jli.dll+0x52fb]
C  [ucrtbase.dll+0x210b2]
C  [KERNEL32.DLL+0x17c24]
C  [ntdll.dll+0x6d721]


---------------  P R O C E S S  ---------------

Threads class SMR info:
_java_thread_list=0x00007ffcf5594ff0, length=0, elements={
}

Java Threads: ( => current thread )

Other Threads:
  0x000001c8c8d5d580 GCTaskThread "GC Thread#0" [stack: 0x00000043bb600000,0x00000043bb700000] [id=5748]
  0x000001c8c8d65910 ConcurrentGCThread "G1 Main Marker" [stack: 0x00000043bb700000,0x00000043bb800000] [id=1424]
  0x000001c8c8d66500 ConcurrentGCThread "G1 Conc#0" [stack: 0x00000043bb800000,0x00000043bb900000] [id=12392]

[error occurred during error reporting (printing all threads), id 0xc0000005, EXCEPTION_ACCESS_VIOLATION (0xc0000005) at pc=0x00007ffcf4d87e27]

VM state: not at safepoint (not fully initialized)

VM Mutex/Monitor currently owned by a thread:  ([mutex/lock_event])
[0x000001c8c8d2d590] Heap_lock - owner thread: 0x000001c8c8d2fca0

Heap address: 0x00000000c6e00000, size: 914 MB, Compressed Oops mode: 32-bit
CDS archive(s) mapped at: [0x0000000000000000-0x0000000000000000-0x0000000000000000), size 0, SharedBaseAddress: 0x0000000800000000, ArchiveRelocationMode: 0.
Narrow klass base: 0x0000000000000000, Narrow klass shift: 0, Narrow klass range: 0x0

Heap:
 garbage-first heap   total 59392K, used 0K [0x00000000c6e00000, 0x0000000100000000)
  region size 1024K, 0 young (0K), 0 survivors (0K)
 Metaspace       used 0K, capacity 0K, committed 0K, reserved 0K
  class space    used 0K, capacity 0K, committed 0K, reserved 0K

Heap Regions: E=young(eden), S=young(survivor), O=old, HS=humongous(starts), HC=humongous(continues), CS=collection set, F=free, OA=open archive, CA=closed archive, TAMS=top-at-mark-start (previous, next)

Card table byte_map: [0x000001c8c8ad0000,0x000001c8c8ca0000] _byte_map_base: 0x000001c8c8499000

Marking Bits (Prev, Next): (CMBitMap*) 0x000001c8c8d5dd70, (CMBitMap*) 0x000001c8c8d5ddb0
 Prev Bits: [0x000001c8e0130000, 0x000001c8e0f78000)
 Next Bits: [0x000001c8e0f80000, 0x000001c8e1dc8000)

GC Heap History (0 events):
No events

Deoptimization events (0 events):
No events

Classes unloaded (0 events):
No events

Classes redefined (0 events):
No events

Internal exceptions (0 events):
No events

Events (1 events):
Event: 0.135 Loaded shared library C:\Program Files\Java\jdk-15.0.2\bin\java.dll


Dynamic libraries:
0x00007ff7ba480000 - 0x00007ff7ba48f000 	C:\Program Files\Java\jdk-15.0.2\bin\java.exe
0x00007ffd22200000 - 0x00007ffd223f0000 	C:\WINDOWS\SYSTEM32\ntdll.dll
0x00007ffd21480000 - 0x00007ffd21532000 	C:\WINDOWS\System32\KERNEL32.DLL
0x00007ffd1f820000 - 0x00007ffd1fac5000 	C:\WINDOWS\System32\KERNELBASE.dll
0x00007ffd1f310000 - 0x00007ffd1f40a000 	C:\WINDOWS\System32\ucrtbase.dll
0x00007ffd158d0000 - 0x00007ffd158e8000 	C:\Program Files\Java\jdk-15.0.2\bin\jli.dll
0x00007ffd21e50000 - 0x00007ffd21ef3000 	C:\WINDOWS\System32\ADVAPI32.dll
0x00007ffd22120000 - 0x00007ffd221be000 	C:\WINDOWS\System32\msvcrt.dll
0x00007ffd211c0000 - 0x00007ffd21257000 	C:\WINDOWS\System32\sechost.dll
0x00007ffd212f0000 - 0x00007ffd2140f000 	C:\WINDOWS\System32\RPCRT4.dll
0x00007ffd202b0000 - 0x00007ffd20444000 	C:\WINDOWS\System32\USER32.dll
0x00007ffd20250000 - 0x00007ffd20271000 	C:\WINDOWS\System32\win32u.dll
0x00007ffd21260000 - 0x00007ffd21286000 	C:\WINDOWS\System32\GDI32.dll
0x00007ffd1f680000 - 0x00007ffd1f818000 	C:\WINDOWS\System32\gdi32full.dll
0x00007ffd1f590000 - 0x00007ffd1f62e000 	C:\WINDOWS\System32\msvcp_win.dll
0x00007ffd1bb90000 - 0x00007ffd1bba9000 	C:\Program Files\Java\jdk-15.0.2\bin\VCRUNTIME140.dll
0x00007ffd125f0000 - 0x00007ffd12874000 	C:\WINDOWS\WinSxS\amd64_microsoft.windows.common-controls_6595b64144ccf1df_6.0.18362.1500_none_9e79be6de462295c\COMCTL32.dll
0x00007ffd20500000 - 0x00007ffd20836000 	C:\WINDOWS\System32\combase.dll
0x00007ffd1f170000 - 0x00007ffd1f1f1000 	C:\WINDOWS\System32\bcryptPrimitives.dll
0x00007ffd18370000 - 0x00007ffd1837a000 	C:\WINDOWS\SYSTEM32\VERSION.dll
0x00007ffd21190000 - 0x00007ffd211be000 	C:\WINDOWS\System32\IMM32.DLL
0x00007ffd1bb80000 - 0x00007ffd1bb8c000 	C:\Program Files\Java\jdk-15.0.2\bin\vcruntime140_1.dll
0x00007ffd15420000 - 0x00007ffd154b1000 	C:\Program Files\Java\jdk-15.0.2\bin\msvcp140.dll
0x00007ffcf4ad0000 - 0x00007ffcf562e000 	C:\Program Files\Java\jdk-15.0.2\bin\server\jvm.dll
0x00007ffd21410000 - 0x00007ffd21418000 	C:\WINDOWS\System32\PSAPI.DLL
0x00007ffd1d1d0000 - 0x00007ffd1d1d9000 	C:\WINDOWS\SYSTEM32\WSOCK32.dll
0x00007ffd21a80000 - 0x00007ffd21aef000 	C:\WINDOWS\System32\WS2_32.dll
0x00007ffd1bd50000 - 0x00007ffd1bd74000 	C:\WINDOWS\SYSTEM32\WINMM.dll
0x00007ffd1bd20000 - 0x00007ffd1bd4d000 	C:\WINDOWS\SYSTEM32\WINMMBASE.dll
0x00007ffd1f630000 - 0x00007ffd1f67a000 	C:\WINDOWS\System32\cfgmgr32.dll
0x00007ffd1f0e0000 - 0x00007ffd1f0f1000 	C:\WINDOWS\System32\kernel.appcore.dll
0x00007ffd1ba00000 - 0x00007ffd1ba0a000 	C:\Program Files\Java\jdk-15.0.2\bin\jimage.dll
0x00007ffd0d780000 - 0x00007ffd0d974000 	C:\WINDOWS\SYSTEM32\DBGHELP.DLL
0x00007ffd0f170000 - 0x00007ffd0f19a000 	C:\WINDOWS\SYSTEM32\dbgcore.DLL
0x00007ffd18a00000 - 0x00007ffd18a25000 	C:\Program Files\Java\jdk-15.0.2\bin\java.dll

dbghelp: loaded successfully - version: 4.0.5 - missing functions: none
symbol engine: initialized successfully - sym options: 0x614 - pdb path: .;C:\Program Files\Java\jdk-15.0.2\bin;C:\WINDOWS\SYSTEM32;C:\WINDOWS\WinSxS\amd64_microsoft.windows.common-controls_6595b64144ccf1df_6.0.18362.1500_none_9e79be6de462295c;C:\Program Files\Java\jdk-15.0.2\bin\server

VM Arguments:
jvm_args: -Dfile.encoding=UTF-8 --module-path=C:\Users\USUARIOWIN\Documents\NetBeansProjects\Actividad2AlexRios66668\build\classes 
java_command: actividad2alexrios66668.Actividad2AlexRios66668
java_class_path (initial): C:\Users\USUARIOWIN\Documents\NetBeansProjects\Actividad2AlexRios66668\build\classes
Launcher Type: SUN_STANDARD

[Global flags]
     intx CICompilerCount                          = 2                                         {product} {ergonomic}
     uint ConcGCThreads                            = 1                                         {product} {ergonomic}
     uint G1ConcRefinementThreads                  = 2                                         {product} {ergonomic}
   size_t G1HeapRegionSize                         = 1048576                                   {product} {ergonomic}
    uintx GCDrainStackTargetSize                   = 64                                        {product} {ergonomic}
   size_t InitialHeapSize                          = 60817408                                  {product} {ergonomic}
   size_t MarkStackSize                            = 4194304                                   {product} {ergonomic}
   size_t MaxHeapSize                              = 958398464                                 {product} {ergonomic}
   size_t MinHeapDeltaBytes                        = 1048576                                   {product} {ergonomic}
   size_t MinHeapSize                              = 8388608                                   {product} {ergonomic}
    uintx NonNMethodCodeHeapSize                   = 5826188                                {pd product} {ergonomic}
    uintx NonProfiledCodeHeapSize                  = 122916026                              {pd product} {ergonomic}
    uintx ProfiledCodeHeapSize                     = 122916026                              {pd product} {ergonomic}
    uintx ReservedCodeCacheSize                    = 251658240                              {pd product} {ergonomic}
     bool SegmentedCodeCache                       = true                                      {product} {ergonomic}
   size_t SoftMaxHeapSize                          = 958398464                              {manageable} {ergonomic}
     bool UseCompressedClassPointers               = true                                 {lp64_product} {ergonomic}
     bool UseCompressedOops                        = true                                 {lp64_product} {ergonomic}
     bool UseG1GC                                  = true                                      {product} {ergonomic}
     bool UseLargePagesIndividualAllocation        = false                                  {pd product} {ergonomic}

Logging:
Log output configuration:
 #0: stdout all=warning uptime,level,tags
 #1: stderr all=off uptime,level,tags

Environment Variables:
PATH=C:\Program Files\Common Files\Oracle\Java\javapath;C:\Program Files (x86)\Common Files\Oracle\Java\javapath;C:\WINDOWS\system32;C:\WINDOWS;C:\WINDOWS\System32\Wbem;C:\WINDOWS\System32\WindowsPowerShell\v1.0\;C:\Program Files (x86)\ATI Technologies\ATI.ACE\Core-Static;C:\WINDOWS\System32\OpenSSH\;C:\Users\USUARIOWIN\AppData\Local\Microsoft\WindowsApps;
USERNAME=USUARIOWIN
OS=Windows_NT
PROCESSOR_IDENTIFIER=AMD64 Family 20 Model 2 Stepping 0, AuthenticAMD



---------------  S Y S T E M  ---------------

OS:
 Windows 10 , 64 bit Build 18362 (10.0.18362.1500)
OS uptime: 3 days 18:32 hours

CPU: total 2 (initial active 2) (2 cores per cpu, 1 threads per core) family 20 model 2 stepping 0 microcode 0x0, cmov, cx8, fxsr, mmx, sse, sse2, sse3, ssse3, popcnt, lzcnt, sse4a, tsc, tscinvbit, tscinv, clflush

Memory: 4k page, system-wide physical 3653M (781M free)
TotalPageFile size 5005M (AvailPageFile size 38M)
current process WorkingSet (physical memory assigned to process): 9M, peak: 9M
current process commit charge ("private bytes"): 47M, peak: 105M

vm_info: Java HotSpot(TM) 64-Bit Server VM (15.0.2+7-27) for windows-amd64 JRE (15.0.2+7-27), built on Dec  7 2020 20:07:01 by "mach5one" with unknown MS VC++:1925

END.
